{
  "stats": {
    "suites": 1,
    "tests": 1,
    "passes": 1,
    "pending": 0,
    "failures": 0,
    "start": "2024-03-21T09:14:32.839Z",
    "end": "2024-03-21T09:14:37.421Z",
    "duration": 4582,
    "testsRegistered": 1,
    "passPercent": 100,
    "pendingPercent": 0,
    "other": 0,
    "hasOther": false,
    "skipped": 0,
    "hasSkipped": false
  },
  "results": [
    {
      "uuid": "93b7626c-7713-4bfe-b1c3-d3ad4724c104",
      "title": "",
      "fullFile": "cypress/e2e/user.cy.ts",
      "file": "cypress/e2e/user.cy.ts",
      "beforeHooks": [],
      "afterHooks": [],
      "tests": [],
      "suites": [
        {
          "uuid": "3257b9c5-ebcc-47a4-8b15-afd29a7a51ec",
          "title": "template spec",
          "fullFile": "",
          "file": "",
          "beforeHooks": [],
          "afterHooks": [],
          "tests": [
            {
              "title": "user page",
              "fullTitle": "template spec user page",
              "timedOut": null,
              "duration": 2883,
              "state": "passed",
              "speed": "fast",
              "pass": true,
              "fail": false,
              "pending": false,
              "context": null,
              "code": "cy.visit('http://localhost:3000/user');\ncy.get('h5').contains(\"/user\").click();\ncy.on('window:alert', function (t) {\n    //assertions\n    expect(t).to.equal(1);\n});\ncy.get('input').should('have.value', \"start\");\ncy.wait(1000);\ncy.get('input').clear();\ncy.wait(1000);\ncy.get('input').type(\"hello word\");\ncy.get('input').should('have.value', \"hello word\");\ncy.get('ul').children().its('length').should('equal', 5);",
              "err": {},
              "uuid": "0b005336-e33a-443a-91f5-3a5506e68519",
              "parentUUID": "3257b9c5-ebcc-47a4-8b15-afd29a7a51ec",
              "isHook": false,
              "skipped": false
            }
          ],
          "suites": [],
          "passes": [
            "0b005336-e33a-443a-91f5-3a5506e68519"
          ],
          "failures": [],
          "pending": [],
          "skipped": [],
          "duration": 2883,
          "root": false,
          "rootEmpty": false,
          "_timeout": 2000
        }
      ],
      "passes": [],
      "failures": [],
      "pending": [],
      "skipped": [],
      "duration": 0,
      "root": true,
      "rootEmpty": true,
      "_timeout": 2000
    }
  ],
  "meta": {
    "mocha": {
      "version": "7.0.1"
    },
    "mochawesome": {
      "options": {
        "quiet": false,
        "reportFilename": "mochawesome",
        "saveHtml": true,
        "saveJson": true,
        "consoleReporter": "spec",
        "useInlineDiffs": false,
        "code": true
      },
      "version": "7.1.3"
    },
    "marge": {
      "options": null,
      "version": "6.2.0"
    }
  }
}